<?xml version="1.0" encoding="UTF-8"?>
<!-- Generated by org.testng.reporters.JUnitXMLReporter -->
<testsuite ignored="5" hostname="LAPTOP-MRSNP4RR" failures="0" tests="6" name="Test" time="10.697" errors="0" timestamp="2021-10-19T16:02:46 IST">
  <testcase classname="com.demo.testscripts.TC1_UserSignUp" name="userSignUpTest" time="3.113"/>
  <testcase classname="com.demo.testscripts.TC2_GetToken" name="userSignUpTest" time="2.007"/>
  <testcase classname="com.demo.testscripts.TC3_Authenticate" name="getListUser" time="1.387"/>
  <testcase classname="com.demo.testscripts.TC4_GetAllProjects" name="getListUser" time="1.464"/>
  <testcase classname="com.demo.testscripts.TC5_UpdateProject" name="getListUser" time="1.343"/>
  <testcase classname="com.demo.testscripts.TC6_GetAllProjects" name="getListUser" time="1.334"/>
  <testcase classname="com.demo.baseutil.BaseTest" name="@BeforeSuite createFiles" time="0.0">
    <ignored/>
  </testcase> <!-- @BeforeSuite createFiles -->
  <testcase classname="com.demo.baseutil.BaseTest" name="@BeforeSuite createFiles" time="0.0">
    <ignored/>
  </testcase> <!-- @BeforeSuite createFiles -->
  <testcase classname="com.demo.baseutil.BaseTest" name="@BeforeSuite createFiles" time="0.0">
    <ignored/>
  </testcase> <!-- @BeforeSuite createFiles -->
  <testcase classname="com.demo.baseutil.BaseTest" name="@BeforeSuite createFiles" time="0.0">
    <ignored/>
  </testcase> <!-- @BeforeSuite createFiles -->
  <testcase classname="com.demo.baseutil.BaseTest" name="@BeforeSuite createFiles" time="0.0">
    <ignored/>
  </testcase> <!-- @BeforeSuite createFiles -->
</testsuite> <!-- Test -->
