<?xml version="1.0" encoding="UTF-8"?>
<!-- Generated by org.testng.reporters.JUnitXMLReporter -->
<testsuite ignored="16" hostname="DESKTOP-E80DE1T" failures="1" tests="9" name="Trello" time="31.131" errors="0" timestamp="2021-10-31T16:02:51 IST">
  <testcase classname="com.trello.TrelloScripts.TC1_CreateBoard" name="createBoard" time="15.496"/>
  <testcase classname="com.trello.TrelloScripts.TC2_CreateList" name="createList" time="0.909"/>
  <testcase classname="com.trello.TrelloScripts.TC3_CreateAnotherList" name="createList" time="0.884"/>
  <testcase classname="com.trello.TrelloScripts.TC4_CreateCard" name="createCard" time="1.092"/>
  <testcase classname="com.trello.TrelloScripts.TC5_GetCard" name="getCard" time="0.994"/>
  <testcase classname="com.trello.TrelloScripts.TC6_UpdateCard" name="updateCard" time="0.963"/>
  <testcase classname="com.trello.TrelloScripts.TC7_MoveCard" name="createCard" time="0.815"/>
  <testcase classname="com.trello.TrelloScripts.TC8_DeleteCard" name="deleteCard" time="0.958"/>
  <testcase classname="com.trello.TrelloScripts.TC9_GetCardError" name="getCard" time="0.693">
    <failure type="java.lang.AssertionError" message="Status code not matched">
      <![CDATA[java.lang.AssertionError: Status code not matched
at com.trello.TrelloScripts.TC9_GetCardError.getCard(TC9_GetCardError.java:42)
at java.base/java.util.ArrayList.forEach(ArrayList.java:1511)
... Removed 28 stack frames]]>
    </failure>
  </testcase> <!-- getCard -->
  <testcase classname="com.trello.baseutil.BaseTest" name="@BeforeSuite createFiles" time="0.0">
    <ignored/>
  </testcase> <!-- @BeforeSuite createFiles -->
  <testcase classname="com.trello.baseutil.BaseTest" name="@BeforeSuite createFiles" time="0.0">
    <ignored/>
  </testcase> <!-- @BeforeSuite createFiles -->
  <testcase classname="com.trello.baseutil.BaseTest" name="@BeforeSuite createFiles" time="0.0">
    <ignored/>
  </testcase> <!-- @BeforeSuite createFiles -->
  <testcase classname="com.trello.baseutil.BaseTest" name="@BeforeSuite createFiles" time="0.0">
    <ignored/>
  </testcase> <!-- @BeforeSuite createFiles -->
  <testcase classname="com.trello.baseutil.BaseTest" name="@BeforeSuite createFiles" time="0.0">
    <ignored/>
  </testcase> <!-- @BeforeSuite createFiles -->
  <testcase classname="com.trello.baseutil.BaseTest" name="@BeforeSuite createFiles" time="0.0">
    <ignored/>
  </testcase> <!-- @BeforeSuite createFiles -->
  <testcase classname="com.trello.baseutil.BaseTest" name="@BeforeSuite createFiles" time="0.0">
    <ignored/>
  </testcase> <!-- @BeforeSuite createFiles -->
  <testcase classname="com.trello.baseutil.BaseTest" name="@BeforeSuite createFiles" time="0.0">
    <ignored/>
  </testcase> <!-- @BeforeSuite createFiles -->
  <testcase classname="com.trello.baseutil.BaseTest" name="@AfterSuite reportGeneration" time="0.0">
    <ignored/>
  </testcase> <!-- @AfterSuite reportGeneration -->
  <testcase classname="com.trello.baseutil.BaseTest" name="@AfterSuite reportGeneration" time="0.0">
    <ignored/>
  </testcase> <!-- @AfterSuite reportGeneration -->
  <testcase classname="com.trello.baseutil.BaseTest" name="@AfterSuite reportGeneration" time="0.0">
    <ignored/>
  </testcase> <!-- @AfterSuite reportGeneration -->
  <testcase classname="com.trello.baseutil.BaseTest" name="@AfterSuite reportGeneration" time="0.0">
    <ignored/>
  </testcase> <!-- @AfterSuite reportGeneration -->
  <testcase classname="com.trello.baseutil.BaseTest" name="@AfterSuite reportGeneration" time="0.0">
    <ignored/>
  </testcase> <!-- @AfterSuite reportGeneration -->
  <testcase classname="com.trello.baseutil.BaseTest" name="@AfterSuite reportGeneration" time="0.0">
    <ignored/>
  </testcase> <!-- @AfterSuite reportGeneration -->
  <testcase classname="com.trello.baseutil.BaseTest" name="@AfterSuite reportGeneration" time="0.0">
    <ignored/>
  </testcase> <!-- @AfterSuite reportGeneration -->
  <testcase classname="com.trello.baseutil.BaseTest" name="@AfterSuite reportGeneration" time="0.0">
    <ignored/>
  </testcase> <!-- @AfterSuite reportGeneration -->
</testsuite> <!-- Trello -->
