<?xml version="1.0" encoding="UTF-8"?>
<!-- Generated by org.testng.reporters.JUnitXMLReporter -->
<testsuite ignored="7" hostname="LAPTOP-MRSNP4RR" failures="0" tests="8" name="Demo" time="30.365" errors="0" timestamp="2021-10-25T10:02:48 IST">
  <testcase classname="com.demo.JobPortal.TC1_UserSignUp" name="createUser" time="17.29"/>
  <testcase classname="com.demo.JobPortal.TC2_GetToken" name="generateToken" time="2.349"/>
  <testcase classname="com.demo.JobPortal.TC3_CreateProject" name="createProjectTest" time="1.505"/>
  <testcase classname="com.demo.JobPortal.TC4_GetAllProjects" name="fetchAllProject" time="1.498"/>
  <testcase classname="com.demo.JobPortal.TC5_FindProject" name="findTheProject" time="1.542"/>
  <testcase classname="com.demo.JobPortal.TC6_UpdateProject" name="updateProjectbyPut" time="1.544"/>
  <testcase classname="com.demo.JobPortal.TC7_UpdateUsingPatch" name="updateProjectUsingPatch" time="1.413"/>
  <testcase classname="com.demo.JobPortal.TC8_DeleteProject" name="deleteProject" time="1.601"/>
  <testcase classname="com.demo.baseutil.BaseTest" name="@BeforeSuite createFiles" time="0.0">
    <ignored/>
  </testcase> <!-- @BeforeSuite createFiles -->
  <testcase classname="com.demo.baseutil.BaseTest" name="@BeforeSuite createFiles" time="0.0">
    <ignored/>
  </testcase> <!-- @BeforeSuite createFiles -->
  <testcase classname="com.demo.baseutil.BaseTest" name="@BeforeSuite createFiles" time="0.0">
    <ignored/>
  </testcase> <!-- @BeforeSuite createFiles -->
  <testcase classname="com.demo.baseutil.BaseTest" name="@BeforeSuite createFiles" time="0.0">
    <ignored/>
  </testcase> <!-- @BeforeSuite createFiles -->
  <testcase classname="com.demo.baseutil.BaseTest" name="@BeforeSuite createFiles" time="0.0">
    <ignored/>
  </testcase> <!-- @BeforeSuite createFiles -->
  <testcase classname="com.demo.baseutil.BaseTest" name="@BeforeSuite createFiles" time="0.0">
    <ignored/>
  </testcase> <!-- @BeforeSuite createFiles -->
  <testcase classname="com.demo.baseutil.BaseTest" name="@BeforeSuite createFiles" time="0.0">
    <ignored/>
  </testcase> <!-- @BeforeSuite createFiles -->
</testsuite> <!-- Demo -->
