<?xml version="1.0" encoding="UTF-8"?>
<!-- Generated by org.testng.reporters.JUnitXMLReporter -->
<testsuite ignored="10" hostname="LAPTOP-MRSNP4RR" failures="0" tests="6" name="Trello" time="18.829" errors="0" timestamp="2021-10-26T16:38:09 IST">
  <testcase classname="com.trello.TrelloScripts.TC1_CreateBoard" name="createBoard" time="3.065"/>
  <testcase classname="com.trello.TrelloScripts.TC2_CreateList" name="createList" time="0.808"/>
  <testcase classname="com.trello.TrelloScripts.TC3_CreateCard" name="createCard" time="0.814"/>
  <testcase classname="com.trello.TrelloScripts.TC4_GetCard" name="getCard" time="5.82"/>
  <testcase classname="com.trello.TrelloScripts.TC5_UpdateCard" name="updateCard" time="5.807"/>
  <testcase classname="com.trello.TrelloScripts.TC6_DeleteCard" name="deleteCard" time="0.888"/>
  <testcase classname="com.trello.baseutil.BaseTest" name="@BeforeSuite createFiles" time="0.0">
    <ignored/>
  </testcase> <!-- @BeforeSuite createFiles -->
  <testcase classname="com.trello.baseutil.BaseTest" name="@BeforeSuite createFiles" time="0.0">
    <ignored/>
  </testcase> <!-- @BeforeSuite createFiles -->
  <testcase classname="com.trello.baseutil.BaseTest" name="@BeforeSuite createFiles" time="0.0">
    <ignored/>
  </testcase> <!-- @BeforeSuite createFiles -->
  <testcase classname="com.trello.baseutil.BaseTest" name="@BeforeSuite createFiles" time="0.0">
    <ignored/>
  </testcase> <!-- @BeforeSuite createFiles -->
  <testcase classname="com.trello.baseutil.BaseTest" name="@BeforeSuite createFiles" time="0.0">
    <ignored/>
  </testcase> <!-- @BeforeSuite createFiles -->
  <testcase classname="com.trello.baseutil.BaseTest" name="@AfterSuite reportGeneration" time="0.0">
    <ignored/>
  </testcase> <!-- @AfterSuite reportGeneration -->
  <testcase classname="com.trello.baseutil.BaseTest" name="@AfterSuite reportGeneration" time="0.0">
    <ignored/>
  </testcase> <!-- @AfterSuite reportGeneration -->
  <testcase classname="com.trello.baseutil.BaseTest" name="@AfterSuite reportGeneration" time="0.0">
    <ignored/>
  </testcase> <!-- @AfterSuite reportGeneration -->
  <testcase classname="com.trello.baseutil.BaseTest" name="@AfterSuite reportGeneration" time="0.0">
    <ignored/>
  </testcase> <!-- @AfterSuite reportGeneration -->
  <testcase classname="com.trello.baseutil.BaseTest" name="@AfterSuite reportGeneration" time="0.0">
    <ignored/>
  </testcase> <!-- @AfterSuite reportGeneration -->
</testsuite> <!-- Trello -->
